<?xml version="1.0" encoding="UTF-8"?>
<!-- Generated by org.testng.reporters.JUnitReportReporter -->
<testsuite skipped="0" hostname="Reevu" name="com.nopcommerce.demo.AppTest" tests="1" failures="0" timestamp="2022-04-30T20:55:46 BST" time="0.017" errors="0">
  <testcase name="shouldAnswerWithTrue" time="0.017" classname="com.nopcommerce.demo.AppTest"/>
  <system-out/>
</testsuite> <!-- com.nopcommerce.demo.AppTest -->
